2021-12-10 22:43:23   INFO [  RegTests:62  ] : Get chromeDriver
2021-12-10 22:43:25   INFO [  MainPage:43  ] : Page was opened: https://demoqa.com/books
2021-12-10 22:43:26   INFO [WebElements:52  ] : Element was clicked [[ChromeDriver: chrome on WINDOWS (7487907d45f8f0490a9a7ff61858e947)] -> xpath: //button[@id='login']]
2021-12-10 22:43:27   INFO [WebElements:37  ] : QA_AUTO was inputted
2021-12-10 22:43:27   INFO [WebElements:37  ] : Lesson(#6) was inputted
2021-12-10 22:43:37   INFO [WebElements:52  ] : Element was clicked Proxy element for: DefaultElementLocator 'By.xpath: //button[@id='login']'
2021-12-10 22:43:38   INFO [ BookStore:63  ] : Element is present: Log out//[[ChromeDriver: chrome on WINDOWS (7487907d45f8f0490a9a7ff61858e947)] -> xpath: //button[@id = 'submit'][text()='Log out']]
2021-12-10 22:43:38   INFO [ BookStore:53  ] : button text:  Log out
2021-12-10 22:43:41   INFO [  RegTests:62  ] : Get chromeDriver
2021-12-10 22:43:46   INFO [  MainPage:43  ] : Page was opened: https://demoqa.com/login
2021-12-10 22:43:46   INFO [WebElements:37  ] : QA_AUTO was inputted
2021-12-10 22:43:47   INFO [WebElements:37  ] : Lesson(#6) was inputted
2021-12-10 22:43:57   INFO [WebElements:52  ] : Element was clicked Proxy element for: DefaultElementLocator 'By.xpath: //button[@id='login']'
2021-12-10 22:43:58   INFO [ LoginPage:43  ] : Page was opened: https://demoqa.com/login
2021-12-10 22:44:18  ERROR [ LoginPage:66  ] : Element is not present: Proxy element for: DefaultElementLocator 'By.xpath: //input[@id='userName']'
2021-12-10 22:44:22   INFO [  RegTests:62  ] : Get chromeDriver
2021-12-10 22:44:27   INFO [  MainPage:43  ] : Page was opened: https://demoqa.com/login
2021-12-10 22:44:27   INFO [WebElements:37  ] : QA_AUTO was inputted
2021-12-10 22:44:28   INFO [WebElements:37  ] : Lesson(#6) was inputted
2021-12-10 22:44:38   INFO [WebElements:52  ] : Element was clicked Proxy element for: DefaultElementLocator 'By.xpath: //button[@id='login']'
2021-12-10 22:44:48   INFO [WebElements:52  ] : Element was clicked Proxy element for: DefaultElementLocator 'By.xpath: //button[@id = 'submit'][text()='Log out']'
2021-12-10 22:44:48   INFO [ MyProfile:38  ] : You have successfully logout
2021-12-10 22:44:48   INFO [ LoginPage:67  ] : Welcome text is: Welcome,Login in Book Store
2021-12-10 22:44:52   INFO [  RegTests:62  ] : Get chromeDriver
2021-12-10 22:45:04   INFO [  MainPage:43  ] : Page was opened: https://demoqa.com/login
2021-12-10 22:45:05   INFO [WebElements:37  ] : Bob Sledd was inputted
2021-12-10 22:45:05   INFO [WebElements:37  ] : kd^1R&#j4p2 was inputted
2021-12-10 22:45:05   INFO [WebElements:52  ] : Element was clicked [[ChromeDriver: chrome on WINDOWS (52f7e73f5614c15bd557b57edf47bbb5)] -> xpath: //button[@id='login']]
2021-12-10 22:45:09   INFO [  RegTests:62  ] : Get chromeDriver
2021-12-10 22:45:16   INFO [  MainPage:43  ] : Page was opened: https://demoqa.com/login
2021-12-10 22:45:17   INFO [WebElements:37  ] : QA_AUTO was inputted
2021-12-10 22:45:18   INFO [WebElements:37  ] : Lesson(#6) was inputted
2021-12-10 22:45:28   INFO [WebElements:52  ] : Element was clicked Proxy element for: DefaultElementLocator 'By.xpath: //button[@id='login']'
